[   54478ms] [ERROR] Failed to load resource: the server responded with a status of 404 (Not Found) @ http://localhost:54976/~partytown/debug/partytown-sandbox-sw.js?v=0.11.0:0
[   56643ms] [ERROR] Failed to load resource: the server responded with a status of 404 (Not Found) @ http://localhost:54976/~partytown/debug/partytown-sandbox-sw.js?v=0.11.0:0
[  113966ms] [ERROR] Failed to load resource: the server responded with a status of 404 (Not Found) @ http://localhost:54976/node_modules/astro/components/viewtransitions.css:0
[  113975ms] [ERROR] Failed to load resource: the server responded with a status of 404 (Not Found) @ http://localhost:54976/node_modules/@astrojs/tailwind/base.css:0
[  113998ms] [ERROR] Failed to load resource: the server responded with a status of 404 (Not Found) @ http://localhost:54976/src/styles/global.css:0
[  115302ms] [ERROR] Failed to load resource: the server responded with a status of 404 (Not Found) @ http://localhost:54976/src/layouts/components/Header.astro?astro&type=style&index=0&lang.css:0
[  115309ms] [ERROR] Failed to load resource: the server responded with a status of 404 (Not Found) @ http://localhost:54976/src/components/GlobalMusicPlayer.astro?astro&type=style&index=0&lang.css:0
[  115382ms] [ERROR] Failed to load resource: the server responded with a status of 404 (Not Found) @ http://localhost:54976/@vite/client:0
[  115626ms] [ERROR] Failed to load resource: the server responded with a status of 404 (Not Found) @ http://localhost:54976/@fs/Users/minet/Code/vps/m0ne.top/src/assets/img/github-mark.svg?origWidth=98&origHeight=96&origFormat=svg&dpl=0:0
[  115692ms] [ERROR] Failed to load resource: the server responded with a status of 404 (Not Found) @ http://localhost:54976/src/components/PhotoGalleryStrip.astro?astro&type=style&index=0&lang.css:0
[  115702ms] [ERROR] Failed to load resource: the server responded with a status of 404 (Not Found) @ http://localhost:54976/node_modules/astro/components/ClientRouter.astro?astro&type=style&index=0&lang.css:0
[  115714ms] [ERROR] Failed to load resource: the server responded with a status of 404 (Not Found) @ http://localhost:54976/src/components/NotesPanel.astro?astro&type=style&index=0&lang.css:0
[  115967ms] [ERROR] Failed to load resource: the server responded with a status of 404 (Not Found) @ http://localhost:54976/@fs/Users/minet/Code/vps/m0ne.top/src/assets/img/github-mark-white.svg?origWidth=98&origHeight=96&origFormat=svg&dpl=0:0
[  116677ms] [ERROR] Failed to load resource: the server responded with a status of 404 (Not Found) @ http://localhost:54976/@id/__x00__astro:transitions/client:0
[  116695ms] [ERROR] Failed to load resource: the server responded with a status of 404 (Not Found) @ http://localhost:54976/src/pages/index.astro?astro&type=style&index=0&lang.css:0
[  116911ms] [ERROR] Failed to load resource: the server responded with a status of 404 (Not Found) @ http://localhost:54976/@id/__x00__astro:toolbar:internal:0
[  116927ms] [ERROR] Failed to load resource: the server responded with a status of 404 (Not Found) @ http://localhost:54976/@id/__x00__virtual:astro:adapter-config/client:0
[  117012ms] [ERROR] Failed to load resource: the server responded with a status of 404 (Not Found) @ http://localhost:54976/@fs/Users/minet/Code/vps/m0ne.top/src/assets/img/favicon.png?origWidth=1417&origHeight=1417&origFormat=png:0
[  117081ms] [ERROR] Failed to load resource: the server responded with a status of 404 (Not Found) @ http://localhost:54976/~partytown/debug/partytown-sandbox-sw.js?v=0.11.0:0
[  138125ms] [ERROR] Failed to load resource: the server responded with a status of 404 (Not Found) @ http://localhost:54976/node_modules/@astrojs/tailwind/base.css:0
[  138142ms] [ERROR] Failed to load resource: the server responded with a status of 404 (Not Found) @ http://localhost:54976/src/styles/global.css:0
[  138162ms] [ERROR] Failed to load resource: the server responded with a status of 404 (Not Found) @ http://localhost:54976/node_modules/astro/components/viewtransitions.css:0
[  139429ms] [ERROR] Failed to load resource: the server responded with a status of 404 (Not Found) @ http://localhost:54976/src/components/GlobalMusicPlayer.astro?astro&type=style&index=0&lang.css:0
[  139448ms] [ERROR] Failed to load resource: the server responded with a status of 404 (Not Found) @ http://localhost:54976/@vite/client:0
[  139477ms] [ERROR] Failed to load resource: the server responded with a status of 404 (Not Found) @ http://localhost:54976/src/layouts/components/Header.astro?astro&type=style&index=0&lang.css:0
[  139685ms] [ERROR] Failed to load resource: the server responded with a status of 404 (Not Found) @ http://localhost:54976/src/components/NotesPanel.astro?astro&type=style&index=0&lang.css:0
[  139720ms] [ERROR] Failed to load resource: the server responded with a status of 404 (Not Found) @ http://localhost:54976/node_modules/astro/components/ClientRouter.astro?astro&type=style&index=0&lang.css:0
[  139740ms] [ERROR] Failed to load resource: the server responded with a status of 404 (Not Found) @ http://localhost:54976/src/components/PhotoGalleryStrip.astro?astro&type=style&index=0&lang.css:0
[  140079ms] [ERROR] Failed to load resource: the server responded with a status of 404 (Not Found) @ http://localhost:54976/@fs/Users/minet/Code/vps/m0ne.top/src/assets/img/github-mark.svg?origWidth=98&origHeight=96&origFormat=svg&dpl=0:0
[  140117ms] [ERROR] Failed to load resource: the server responded with a status of 404 (Not Found) @ http://localhost:54976/@fs/Users/minet/Code/vps/m0ne.top/src/assets/img/github-mark-white.svg?origWidth=98&origHeight=96&origFormat=svg&dpl=0:0
[  140713ms] [ERROR] Failed to load resource: the server responded with a status of 404 (Not Found) @ http://localhost:54976/src/pages/index.astro?astro&type=style&index=0&lang.css:0
[  140795ms] [ERROR] Failed to load resource: the server responded with a status of 404 (Not Found) @ http://localhost:54976/@id/__x00__astro:toolbar:internal:0
[  140798ms] [ERROR] Failed to load resource: the server responded with a status of 404 (Not Found) @ http://localhost:54976/@id/__x00__astro:transitions/client:0
[  140887ms] [ERROR] Failed to load resource: the server responded with a status of 404 (Not Found) @ http://localhost:54976/@id/__x00__virtual:astro:adapter-config/client:0
[  141121ms] [ERROR] Failed to load resource: the server responded with a status of 404 (Not Found) @ http://localhost:54976/~partytown/debug/partytown-sandbox-sw.js?v=0.11.0:0
[  142498ms] [ERROR] Failed to load resource: the server responded with a status of 404 (Not Found) @ http://localhost:54976/@fs/Users/minet/Code/vps/m0ne.top/src/assets/img/favicon.png?origWidth=1417&origHeight=1417&origFormat=png:0
