[    1468ms] [ERROR] Failed to load resource: the server responded with a status of 404 (Not Found) @ http://localhost:54976/node_modules/astro/components/viewtransitions.css:0
[    1469ms] [ERROR] Failed to load resource: the server responded with a status of 404 (Not Found) @ http://localhost:54976/src/styles/global.css:0
[    1469ms] [ERROR] Failed to load resource: the server responded with a status of 404 (Not Found) @ http://localhost:54976/node_modules/@astrojs/tailwind/base.css:0
[    3008ms] [ERROR] Failed to load resource: the server responded with a status of 404 (Not Found) @ http://localhost:54976/@vite/client:0
[    3020ms] [ERROR] Failed to load resource: the server responded with a status of 404 (Not Found) @ http://localhost:54976/src/components/GlobalMusicPlayer.astro?astro&type=style&index=0&lang.css:0
[    3038ms] [ERROR] Failed to load resource: the server responded with a status of 404 (Not Found) @ http://localhost:54976/src/layouts/components/Header.astro?astro&type=style&index=0&lang.css:0
[    3250ms] [ERROR] Failed to load resource: the server responded with a status of 404 (Not Found) @ http://localhost:54976/node_modules/astro/components/ClientRouter.astro?astro&type=style&index=0&lang.css:0
[    3254ms] [ERROR] Failed to load resource: the server responded with a status of 404 (Not Found) @ http://localhost:54976/src/components/PhotoGalleryStrip.astro?astro&type=style&index=0&lang.css:0
[    3264ms] [ERROR] Failed to load resource: the server responded with a status of 404 (Not Found) @ http://localhost:54976/src/components/NotesPanel.astro?astro&type=style&index=0&lang.css:0
[    3595ms] [ERROR] Failed to load resource: the server responded with a status of 404 (Not Found) @ http://localhost:54976/@fs/Users/minet/Code/vps/m0ne.top/src/assets/img/github-mark.svg?origWidth=98&origHeight=96&origFormat=svg&dpl=0:0
[    3860ms] [ERROR] Failed to load resource: the server responded with a status of 404 (Not Found) @ http://localhost:54976/.netlify/images?url=%40fs%2FUsers%2Fminet%2FCode%2Fvps%2Fm0ne.top%2Fsrc%2Fassets%2Fimg%2Fliukanshan.png%3ForigWidth%3D1772%26origHeight%3D1772%26origFormat%3Dpng&w=1772&h=1772&dpl=0:0
[    3876ms] [ERROR] Failed to load resource: the server responded with a status of 404 (Not Found) @ http://localhost:54976/@fs/Users/minet/Code/vps/m0ne.top/src/assets/img/github-mark-white.svg?origWidth=98&origHeight=96&origFormat=svg&dpl=0:0
[    4264ms] [ERROR] Failed to load resource: the server responded with a status of 404 (Not Found) @ http://localhost:54976/src/pages/index.astro?astro&type=style&index=0&lang.css:0
[    4264ms] [ERROR] Failed to load resource: the server responded with a status of 404 (Not Found) @ http://localhost:54976/@id/__x00__astro:transitions/client:0
[    4335ms] [ERROR] Failed to load resource: the server responded with a status of 404 (Not Found) @ http://localhost:54976/@id/__x00__astro:toolbar:internal:0
[    4466ms] [ERROR] Failed to load resource: the server responded with a status of 404 (Not Found) @ http://localhost:54976/@id/__x00__virtual:astro:adapter-config/client:0
[    4731ms] [ERROR] Failed to load resource: the server responded with a status of 404 (Not Found) @ http://localhost:54976/~partytown/debug/partytown-sandbox-sw.js?v=0.11.0:0
[   56344ms] [ERROR] Failed to load resource: the server responded with a status of 404 (Not Found) @ http://localhost:54976/@fs/Users/minet/Code/vps/m0ne.top/src/assets/img/favicon.png?origWidth=1417&origHeight=1417&origFormat=png:0
[  170663ms] [ERROR] Failed to load resource: the server responded with a status of 404 (Not Found) @ http://localhost:54976/node_modules/astro/components/viewtransitions.css:0
[  170664ms] [ERROR] Failed to load resource: the server responded with a status of 404 (Not Found) @ http://localhost:54976/node_modules/@astrojs/tailwind/base.css:0
[  170667ms] [ERROR] Failed to load resource: the server responded with a status of 404 (Not Found) @ http://localhost:54976/src/styles/global.css:0
[  171396ms] [ERROR] Failed to load resource: the server responded with a status of 404 (Not Found) @ http://localhost:54976/src/layouts/components/Header.astro?astro&type=style&index=0&lang.css:0
[  171401ms] [ERROR] Failed to load resource: the server responded with a status of 404 (Not Found) @ http://localhost:54976/src/components/GlobalMusicPlayer.astro?astro&type=style&index=0&lang.css:0
[  171403ms] [ERROR] Failed to load resource: the server responded with a status of 404 (Not Found) @ http://localhost:54976/@vite/client:0
[  171583ms] [ERROR] Failed to load resource: the server responded with a status of 404 (Not Found) @ http://localhost:54976/node_modules/astro/components/ClientRouter.astro?astro&type=style&index=0&lang.css:0
[  172002ms] [ERROR] Failed to load resource: the server responded with a status of 404 (Not Found) @ http://localhost:54976/@fs/Users/minet/Code/vps/m0ne.top/src/assets/img/github-mark.svg?origWidth=98&origHeight=96&origFormat=svg&dpl=0:0
[  172045ms] [ERROR] Failed to load resource: the server responded with a status of 404 (Not Found) @ http://localhost:54976/@fs/Users/minet/Code/vps/m0ne.top/src/assets/img/favicon.png?origWidth=1417&origHeight=1417&origFormat=png:0
[  172196ms] [ERROR] Failed to load resource: the server responded with a status of 404 (Not Found) @ http://localhost:54976/.netlify/images?url=%40fs%2FUsers%2Fminet%2FCode%2Fvps%2Fm0ne.top%2Fsrc%2Fassets%2Fimg%2Fliukanshan.png%3ForigWidth%3D1772%26origHeight%3D1772%26origFormat%3Dpng&w=1772&h=1772&dpl=0:0
[  172203ms] [ERROR] Failed to load resource: the server responded with a status of 404 (Not Found) @ http://localhost:54976/@fs/Users/minet/Code/vps/m0ne.top/src/assets/img/github-mark-white.svg?origWidth=98&origHeight=96&origFormat=svg&dpl=0:0
[  172578ms] [ERROR] Failed to load resource: the server responded with a status of 404 (Not Found) @ http://localhost:54976/@id/__x00__astro:toolbar:internal:0
[  172590ms] [ERROR] Failed to load resource: the server responded with a status of 404 (Not Found) @ http://localhost:54976/@id/__x00__astro:transitions/client:0
[  172725ms] [ERROR] Failed to load resource: the server responded with a status of 404 (Not Found) @ http://localhost:54976/@id/__x00__virtual:astro:adapter-config/client:0
[  172909ms] [ERROR] Failed to load resource: the server responded with a status of 404 (Not Found) @ http://localhost:54976/~partytown/debug/partytown-sandbox-sw.js?v=0.11.0:0
[  177497ms] [ERROR] Failed to load resource: the server responded with a status of 404 (Not Found) @ http://localhost:54976/node_modules/@astrojs/tailwind/base.css:0
[  177497ms] [ERROR] Failed to load resource: the server responded with a status of 404 (Not Found) @ http://localhost:54976/src/styles/global.css:0
[  177503ms] [ERROR] Failed to load resource: the server responded with a status of 404 (Not Found) @ http://localhost:54976/node_modules/astro/components/viewtransitions.css:0
[  178434ms] [ERROR] Failed to load resource: the server responded with a status of 404 (Not Found) @ http://localhost:54976/@vite/client:0
[  178451ms] [ERROR] Failed to load resource: the server responded with a status of 404 (Not Found) @ http://localhost:54976/src/layouts/components/Header.astro?astro&type=style&index=0&lang.css:0
[  178473ms] [ERROR] Failed to load resource: the server responded with a status of 404 (Not Found) @ http://localhost:54976/src/components/GlobalMusicPlayer.astro?astro&type=style&index=0&lang.css:0
[  178790ms] [ERROR] Failed to load resource: the server responded with a status of 404 (Not Found) @ http://localhost:54976/src/components/NotesPanel.astro?astro&type=style&index=0&lang.css:0
[  178855ms] [ERROR] Failed to load resource: the server responded with a status of 404 (Not Found) @ http://localhost:54976/node_modules/astro/components/ClientRouter.astro?astro&type=style&index=0&lang.css:0
[  178869ms] [ERROR] Failed to load resource: the server responded with a status of 404 (Not Found) @ http://localhost:54976/src/components/PhotoGalleryStrip.astro?astro&type=style&index=0&lang.css:0
[  179095ms] [ERROR] Failed to load resource: the server responded with a status of 404 (Not Found) @ http://localhost:54976/@fs/Users/minet/Code/vps/m0ne.top/src/assets/img/favicon.png?origWidth=1417&origHeight=1417&origFormat=png:0
[  179308ms] [ERROR] Failed to load resource: the server responded with a status of 404 (Not Found) @ http://localhost:54976/@fs/Users/minet/Code/vps/m0ne.top/src/assets/img/github-mark.svg?origWidth=98&origHeight=96&origFormat=svg&dpl=0:0
[  179322ms] [ERROR] Failed to load resource: the server responded with a status of 404 (Not Found) @ http://localhost:54976/.netlify/images?url=%40fs%2FUsers%2Fminet%2FCode%2Fvps%2Fm0ne.top%2Fsrc%2Fassets%2Fimg%2Fliukanshan.png%3ForigWidth%3D1772%26origHeight%3D1772%26origFormat%3Dpng&w=1772&h=1772&dpl=0:0
[  179504ms] [ERROR] Failed to load resource: the server responded with a status of 404 (Not Found) @ http://localhost:54976/@fs/Users/minet/Code/vps/m0ne.top/src/assets/img/github-mark-white.svg?origWidth=98&origHeight=96&origFormat=svg&dpl=0:0
[  179655ms] [ERROR] Failed to load resource: the server responded with a status of 404 (Not Found) @ http://localhost:54976/@id/__x00__astro:transitions/client:0
[  179665ms] [ERROR] Failed to load resource: the server responded with a status of 404 (Not Found) @ http://localhost:54976/@id/__x00__astro:toolbar:internal:0
[  179686ms] [ERROR] Failed to load resource: the server responded with a status of 404 (Not Found) @ http://localhost:54976/src/pages/index.astro?astro&type=style&index=0&lang.css:0
[  179840ms] [ERROR] Failed to load resource: the server responded with a status of 404 (Not Found) @ http://localhost:54976/@id/__x00__virtual:astro:adapter-config/client:0
[  180016ms] [ERROR] Failed to load resource: the server responded with a status of 404 (Not Found) @ http://localhost:54976/~partytown/debug/partytown-sandbox-sw.js?v=0.11.0:0
